0 info it worked if it ends with ok
1 verbose cli [ 'C:\\PROGRA~1\\nodejs\\node.exe',
1 verbose cli   'C:\\Users\\user\\AppData\\Roaming\\npm\\node_modules\\npm\\bin\\npm-cli.js',
1 verbose cli   'run',
1 verbose cli   'build' ]
2 info using npm@3.10.9
3 info using node@v7.7.2
4 verbose run-script [ 'prebuild', 'build', 'postbuild' ]
5 info lifecycle js-api-test@1.0.0~prebuild: js-api-test@1.0.0
6 silly lifecycle js-api-test@1.0.0~prebuild: no script for prebuild, continuing
7 info lifecycle js-api-test@1.0.0~build: js-api-test@1.0.0
8 verbose lifecycle js-api-test@1.0.0~build: unsafe-perm in lifecycle true
9 verbose lifecycle js-api-test@1.0.0~build: PATH: C:\Users\user\AppData\Roaming\npm\node_modules\npm\bin\node-gyp-bin;E:\js-api-test\node_modules\.bin;C:\Program Files (x86)\Common Files\Intel\Shared Libraries\redist\intel64\compiler;C:\Program Files (x86)\NVIDIA Corporation\PhysX\Common;c:\Progra~2\Intel\iCLS Client\;c:\Progra~1\Intel\iCLS Client\;C:\ProgramData\Oracle\Java\javapath;C:\Windows\system32;C:\Windows;C:\Windows\System32\Wbem;C:\Windows\System32\WindowsPowerShell\v1.0\;C:\Progra~2\Intel\OpenCL SDK\3.0\bin\x86;C:\Progra~2\Intel\OpenCL SDK\3.0\bin\x64;C:\Progra~1\Microsoft\Web Platform Installer\;C:\Progra~2\Microsoft ASP.NET\ASP.NET Web Pages\v1.0\;C:\Progra~1\Microsoft SQL Server\110\Tools\Binn\;C:\Progra~2\Notepad++\;C:\nuget\;C:\Progra~1\qemu\;C:\Progra~1\SourceGear\Common\DiffMerge\;C:\ant\bin\;C:\Android\android-sdk\tools;C:\Android\android-sdk\platform-tools;C:\Progra~2\Git\cmd;C:\Progra~1\Intel\Intel(R) Management Engine Components\DAL;C:\Progra~1\Intel\Intel(R) Management Engine Components\IPT;C:\Progra~2\Intel\Intel(R) Management Engine Components\DAL;C:\Progra~2\Intel\Intel(R) Management Engine Components\IPT;C:\Program Files (x86)\Microsoft Team Foundation Server 2012 Power Tools\;C:\Program Files (x86)\Microsoft Team Foundation Server 2012 Power Tools\Best Practices Analyzer\;C:\Progra~1\MATLAB\R2014a\runtime\win64;C:\Progra~1\MATLAB\R2014a\bin;C:\Progra~1\MATLAB\R2013b\runtime\win64;C:\Progra~1\MATLAB\R2013b\bin;C:\Progra~1\MATLAB\R2013b\polyspace\bin;C:\Progra~1\MATLAB\R2014a\polyspace\bin;C:\apache-maven-3.3.3\bin;C:\Progra~2\Skype\Phone\;C:\Progra~1\nodejs\;C:\ProgramData\ComposerSetup\bin;C:\openserver\OpenServer\modules\php\PHP-5.5;C:\Windows\system32\config\systemprofile\.dnx\bin;C:\Progra~1\Microsoft DNX\Dnvm\;C:\Progra~1\Microsoft SQL Server\120\Tools\Binn\;C:\Users\user\AppData\Roaming\npm\;C:\Progra~1\Microsoft SQL Server\Client SDK\ODBC\110\Tools\Binn\;C:\Progra~2\Microsoft SQL Server\120\Tools\Binn\;C:\Progra~1\Microsoft SQL Server\120\DTS\Binn\;C:\Progra~2\Microsoft SQL Server\120\Tools\Binn\ManagementStudio\;C:\Progra~2\Microsoft SQL Server\120\DTS\Binn\;C:\Progra~1\Git\cmd;C:\Progra~1\dotnet\;C:\Program Files (x86)\Windows Kits\8.1\Windows Performance Toolkit\;C:\Program Files\Microsoft SQL Server\130\Tools\Binn\;C:\Program Files\dotnet\;C:\Program Files (x86)\ATI Technologies\ATI.ACE\Core-Static;C:\Users\user\AppData\Local\Programs\Python\Python36\Scripts;C:\Users\user\AppData\Local\Programs\Python\Python36;C:\Program Files (x86)\ZeroTier\One\;C:\Users\user\bin\Sencha\Cmd\6.0.2.14/..;C:\Ruby200\bin;C:\Program Files (x86)\Nmap;C:\Users\user\AppData\Roaming\Composer\vendor\bin;C:\Program Files (x86)\Microsoft VS Code\bin;C:\Users\user\AppData\Roaming\npm;C:\Users\user\AppData\Roaming\Python\Python36\Scripts
10 verbose lifecycle js-api-test@1.0.0~build: CWD: E:\js-api-test
11 silly lifecycle js-api-test@1.0.0~build: Args: [ '/d /s /c',
11 silly lifecycle   'browserify --entry index.js --outfile bundle.js' ]
12 silly lifecycle js-api-test@1.0.0~build: Returned: code: 1  signal: null
13 info lifecycle js-api-test@1.0.0~build: Failed to exec build script
14 verbose stack Error: js-api-test@1.0.0 build: `browserify --entry index.js --outfile bundle.js`
14 verbose stack Exit status 1
14 verbose stack     at EventEmitter.<anonymous> (C:\Users\user\AppData\Roaming\npm\node_modules\npm\lib\utils\lifecycle.js:255:16)
14 verbose stack     at emitTwo (events.js:106:13)
14 verbose stack     at EventEmitter.emit (events.js:194:7)
14 verbose stack     at ChildProcess.<anonymous> (C:\Users\user\AppData\Roaming\npm\node_modules\npm\lib\utils\spawn.js:40:14)
14 verbose stack     at emitTwo (events.js:106:13)
14 verbose stack     at ChildProcess.emit (events.js:194:7)
14 verbose stack     at maybeClose (internal/child_process.js:899:16)
14 verbose stack     at Process.ChildProcess._handle.onexit (internal/child_process.js:226:5)
15 verbose pkgid js-api-test@1.0.0
16 verbose cwd E:\js-api-test
17 error Windows_NT 6.1.7601
18 error argv "C:\\PROGRA~1\\nodejs\\node.exe" "C:\\Users\\user\\AppData\\Roaming\\npm\\node_modules\\npm\\bin\\npm-cli.js" "run" "build"
19 error node v7.7.2
20 error npm  v3.10.9
21 error code ELIFECYCLE
22 error js-api-test@1.0.0 build: `browserify --entry index.js --outfile bundle.js`
22 error Exit status 1
23 error Failed at the js-api-test@1.0.0 build script 'browserify --entry index.js --outfile bundle.js'.
23 error Make sure you have the latest version of node.js and npm installed.
23 error If you do, this is most likely a problem with the js-api-test package,
23 error not with npm itself.
23 error Tell the author that this fails on your system:
23 error     browserify --entry index.js --outfile bundle.js
23 error You can get information on how to open an issue for this project with:
23 error     npm bugs js-api-test
23 error Or if that isn't available, you can get their info via:
23 error     npm owner ls js-api-test
23 error There is likely additional logging output above.
24 verbose exit [ 1, true ]
